<?xml version="1.0" encoding="UTF-8"?>
<!-- Generated by org.testng.reporters.JUnitReportReporter -->
<testsuite hostname="THINARMOR" name="TestNG.TestingAssertions" tests="1" failures="0" timestamp="23 Oct 2013 18:16:23 GMT" time="0.016" errors="0">
  <testcase name="getGoogle" time="0.016" classname="TestNG.TestingAssertions"/>
</testsuite> <!-- TestNG.TestingAssertions -->
