<?xml version="1.0" encoding="UTF-8"?>
<!-- Generated by org.testng.reporters.JUnitReportReporter -->
<testsuite hostname="THINARMOR" name="TestNG.TestThree" tests="1" failures="0" timestamp="18 Oct 2013 03:10:10 GMT" time="0.017" errors="0">
  <testcase name="testAdd" time="0.017" classname="TestNG.TestThree"/>
</testsuite> <!-- TestNG.TestThree -->
