<?xml version="1.0" encoding="UTF-8"?>
<!-- Generated by org.testng.reporters.JUnitReportReporter -->
<testsuite hostname="THINARMOR" name="TestNG.TestTwo" tests="1" failures="1" timestamp="23 Oct 2013 18:16:23 GMT" time="0.000" errors="0">
  <testcase name="sellItems" time="0.000" classname="TestNG.TestTwo"/>
</testsuite> <!-- TestNG.TestTwo -->
