<?xml version="1.0" encoding="UTF-8"?>
<!-- Generated by org.testng.reporters.JUnitReportReporter -->
<testsuite hostname="THINARMOR" name="TestNG.DataProviderTest" tests="2" failures="0" timestamp="23 Oct 2013 15:02:10 GMT" time="0.011" errors="0">
  <testcase name="testMail" time="0.011" classname="TestNG.DataProviderTest"/>
  <testcase name="testMail" time="0.000" classname="TestNG.DataProviderTest"/>
</testsuite> <!-- TestNG.DataProviderTest -->
