<?xml version="1.0" encoding="UTF-8"?>
<!-- Generated by org.testng.reporters.JUnitReportReporter -->
<testsuite hostname="THINARMOR" name="TestNG.TestOne" tests="2" failures="0" timestamp="23 Oct 2013 18:45:29 GMT" time="0.011" errors="0">
  <testcase name="registerAccount" time="0.001" classname="TestNG.TestOne"/>
  <testcase name="accountLogin" time="0.010" classname="TestNG.TestOne"/>
</testsuite> <!-- TestNG.TestOne -->
