<?xml version="1.0" encoding="UTF-8"?>
<!-- Generated by org.testng.reporters.JUnitReportReporter -->
<testsuite hostname="THINARMOR" name="TestTwo" tests="1" failures="1" timestamp="3 Oct 2013 17:27:47 GMT" time="0.002" errors="0">
  <testcase name="sellItems" time="0.002" classname="TestTwo"/>
</testsuite> <!-- TestTwo -->
