<?xml version="1.0" encoding="UTF-8"?>
<!-- Generated by org.testng.reporters.JUnitReportReporter -->
<testsuite hostname="THINARMOR" name="TestOne" tests="2" failures="0" timestamp="3 Oct 2013 16:59:59 GMT" time="0.024" errors="0">
  <testcase name="registerAccount" time="0.004" classname="TestOne"/>
  <testcase name="accountLogin" time="0.020" classname="TestOne"/>
</testsuite> <!-- TestOne -->
